

Version:	3.9
CmdLine:	C:\Users\Falcon\Documents\NetBeansProjects\candyQueen\src\ui\candyQueenDB\test.exe --l4j-debug
WOW64:		yes
Working dir:	C:\Users\Falcon\Documents\NetBeansProjects\candyQueen\src\ui\candyQueenDB\.
64-bit search:	SOFTWARE\JavaSoft\Java Runtime Environment...
32-bit search:	SOFTWARE\JavaSoft\Java Runtime Environment...
64-bit search:	SOFTWARE\JavaSoft\Java Development Kit...
Check:		SOFTWARE\JavaSoft\Java Development Kit\1.8
Check launcher:	C:\Program Files\Java\jdk1.8.0_102\jre\bin\javaw.exe (OK)
Match:		1.8
Check:		SOFTWARE\JavaSoft\Java Development Kit\1.8.0_102
Check launcher:	C:\Program Files\Java\jdk1.8.0_102\jre\bin\javaw.exe (OK)
Match:		1.8.0_102
Runtime used:	1.8.0_102 (64-bit)
Launcher:	C:\Program Files\Java\jdk1.8.0_102\jre\bin\javaw.exe
Launcher args:	-jar "C:\Users\Falcon\Documents\NetBeansProjects\candyQueen\src\ui\candyQueenDB\test.exe"
Args length:	89/32768 chars
Exit code:	0


Version:	3.9
CmdLine:	C:\Users\Falcon\Documents\NetBeansProjects\candyQueen\src\ui\candyQueenDB\test.exe --l4j-debug
WOW64:		yes
Working dir:	C:\Users\Falcon\Documents\NetBeansProjects\candyQueen\src\ui\candyQueenDB\.
64-bit search:	SOFTWARE\JavaSoft\Java Runtime Environment...
32-bit search:	SOFTWARE\JavaSoft\Java Runtime Environment...
64-bit search:	SOFTWARE\JavaSoft\Java Development Kit...
Check:		SOFTWARE\JavaSoft\Java Development Kit\1.8
Check launcher:	C:\Program Files\Java\jdk1.8.0_102\jre\bin\javaw.exe (OK)
Match:		1.8
Check:		SOFTWARE\JavaSoft\Java Development Kit\1.8.0_102
Check launcher:	C:\Program Files\Java\jdk1.8.0_102\jre\bin\javaw.exe (OK)
Match:		1.8.0_102
Runtime used:	1.8.0_102 (64-bit)
Launcher:	C:\Program Files\Java\jdk1.8.0_102\jre\bin\javaw.exe
Launcher args:	-jar "C:\Users\Falcon\Documents\NetBeansProjects\candyQueen\src\ui\candyQueenDB\test.exe"
Args length:	89/32768 chars
Exit code:	0


Version:	3.9
CmdLine:	C:\Users\Falcon\Documents\NetBeansProjects\candyQueen\src\ui\candyQueenDB\test.exe --l4j-debug
WOW64:		yes
Working dir:	C:\Users\Falcon\Documents\NetBeansProjects\candyQueen\src\ui\candyQueenDB\.
64-bit search:	SOFTWARE\JavaSoft\Java Runtime Environment...
32-bit search:	SOFTWARE\JavaSoft\Java Runtime Environment...
64-bit search:	SOFTWARE\JavaSoft\Java Development Kit...
Check:		SOFTWARE\JavaSoft\Java Development Kit\1.8
Check launcher:	C:\Program Files\Java\jdk1.8.0_102\jre\bin\javaw.exe (OK)
Match:		1.8
Check:		SOFTWARE\JavaSoft\Java Development Kit\1.8.0_102
Check launcher:	C:\Program Files\Java\jdk1.8.0_102\jre\bin\javaw.exe (OK)
Match:		1.8.0_102
Runtime used:	1.8.0_102 (64-bit)
Launcher:	C:\Program Files\Java\jdk1.8.0_102\jre\bin\javaw.exe
Launcher args:	-jar "C:\Users\Falcon\Documents\NetBeansProjects\candyQueen\src\ui\candyQueenDB\test.exe"
Args length:	89/32768 chars
Exit code:	0


Version:	3.9
CmdLine:	C:\Users\Falcon\Documents\NetBeansProjects\candyQueen\src\ui\candyQueenDB\test.exe --l4j-debug
WOW64:		yes
Working dir:	C:\Users\Falcon\Documents\NetBeansProjects\candyQueen\src\ui\candyQueenDB\.
64-bit search:	SOFTWARE\JavaSoft\Java Runtime Environment...
32-bit search:	SOFTWARE\JavaSoft\Java Runtime Environment...
64-bit search:	SOFTWARE\JavaSoft\Java Development Kit...
Check:		SOFTWARE\JavaSoft\Java Development Kit\1.8
Check launcher:	C:\Program Files\Java\jdk1.8.0_102\jre\bin\javaw.exe (OK)
Match:		1.8
Check:		SOFTWARE\JavaSoft\Java Development Kit\1.8.0_102
Check launcher:	C:\Program Files\Java\jdk1.8.0_102\jre\bin\javaw.exe (OK)
Match:		1.8.0_102
Runtime used:	1.8.0_102 (64-bit)
Launcher:	C:\Program Files\Java\jdk1.8.0_102\jre\bin\javaw.exe
Launcher args:	-jar "C:\Users\Falcon\Documents\NetBeansProjects\candyQueen\src\ui\candyQueenDB\test.exe"
Args length:	89/32768 chars
Exit code:	0


Version:	3.9
CmdLine:	C:\Users\Falcon\Documents\NetBeansProjects\candyQueen\src\ui\candyQueenDB\test.exe --l4j-debug
WOW64:		yes
Working dir:	C:\Users\Falcon\Documents\NetBeansProjects\candyQueen\src\ui\candyQueenDB\.
64-bit search:	SOFTWARE\JavaSoft\Java Runtime Environment...
32-bit search:	SOFTWARE\JavaSoft\Java Runtime Environment...
64-bit search:	SOFTWARE\JavaSoft\Java Development Kit...
Check:		SOFTWARE\JavaSoft\Java Development Kit\1.8
Check launcher:	C:\Program Files\Java\jdk1.8.0_102\jre\bin\javaw.exe (OK)
Match:		1.8
Check:		SOFTWARE\JavaSoft\Java Development Kit\1.8.0_102
Check launcher:	C:\Program Files\Java\jdk1.8.0_102\jre\bin\javaw.exe (OK)
Match:		1.8.0_102
Runtime used:	1.8.0_102 (64-bit)
Launcher:	C:\Program Files\Java\jdk1.8.0_102\jre\bin\javaw.exe
Launcher args:	-jar "C:\Users\Falcon\Documents\NetBeansProjects\candyQueen\src\ui\candyQueenDB\test.exe"
Args length:	89/32768 chars
Exit code:	0


Version:	3.9
CmdLine:	C:\Users\Falcon\Documents\NetBeansProjects\candyQueen\src\ui\candyQueenDB\test.exe --l4j-debug
WOW64:		yes
Working dir:	C:\Users\Falcon\Documents\NetBeansProjects\candyQueen\src\ui\candyQueenDB\.
64-bit search:	SOFTWARE\JavaSoft\Java Runtime Environment...
32-bit search:	SOFTWARE\JavaSoft\Java Runtime Environment...
64-bit search:	SOFTWARE\JavaSoft\Java Development Kit...
Check:		SOFTWARE\JavaSoft\Java Development Kit\1.8
Check launcher:	C:\Program Files\Java\jdk1.8.0_102\jre\bin\javaw.exe (OK)
Match:		1.8
Check:		SOFTWARE\JavaSoft\Java Development Kit\1.8.0_102
Check launcher:	C:\Program Files\Java\jdk1.8.0_102\jre\bin\javaw.exe (OK)
Match:		1.8.0_102
Runtime used:	1.8.0_102 (64-bit)
Launcher:	C:\Program Files\Java\jdk1.8.0_102\jre\bin\javaw.exe
Launcher args:	-jar "C:\Users\Falcon\Documents\NetBeansProjects\candyQueen\src\ui\candyQueenDB\test.exe"
Args length:	89/32768 chars
Exit code:	0


Version:	3.9
CmdLine:	C:\Users\Falcon\Documents\NetBeansProjects\candyQueen\src\ui\candyQueenDB\test.exe --l4j-debug
WOW64:		yes
Working dir:	C:\Users\Falcon\Documents\NetBeansProjects\candyQueen\src\ui\candyQueenDB\.
64-bit search:	SOFTWARE\JavaSoft\Java Runtime Environment...
32-bit search:	SOFTWARE\JavaSoft\Java Runtime Environment...
64-bit search:	SOFTWARE\JavaSoft\Java Development Kit...
Check:		SOFTWARE\JavaSoft\Java Development Kit\1.8
Check launcher:	C:\Program Files\Java\jdk1.8.0_102\jre\bin\javaw.exe (OK)
Match:		1.8
Check:		SOFTWARE\JavaSoft\Java Development Kit\1.8.0_102
Check launcher:	C:\Program Files\Java\jdk1.8.0_102\jre\bin\javaw.exe (OK)
Match:		1.8.0_102
Runtime used:	1.8.0_102 (64-bit)
Launcher:	C:\Program Files\Java\jdk1.8.0_102\jre\bin\javaw.exe
Launcher args:	-jar "C:\Users\Falcon\Documents\NetBeansProjects\candyQueen\src\ui\candyQueenDB\test.exe"
Args length:	89/32768 chars
Exit code:	0


Version:	3.9
CmdLine:	C:\Users\Falcon\Documents\NetBeansProjects\candyQueen\src\ui\candyQueenDB\test.exe --l4j-debug
WOW64:		yes
Working dir:	C:\Users\Falcon\Documents\NetBeansProjects\candyQueen\src\ui\candyQueenDB\.
64-bit search:	SOFTWARE\JavaSoft\Java Runtime Environment...
32-bit search:	SOFTWARE\JavaSoft\Java Runtime Environment...
64-bit search:	SOFTWARE\JavaSoft\Java Development Kit...
Check:		SOFTWARE\JavaSoft\Java Development Kit\1.8
Check launcher:	C:\Program Files\Java\jdk1.8.0_102\jre\bin\javaw.exe (OK)
Match:		1.8
Check:		SOFTWARE\JavaSoft\Java Development Kit\1.8.0_102
Check launcher:	C:\Program Files\Java\jdk1.8.0_102\jre\bin\javaw.exe (OK)
Match:		1.8.0_102
Runtime used:	1.8.0_102 (64-bit)
Launcher:	C:\Program Files\Java\jdk1.8.0_102\jre\bin\javaw.exe
Launcher args:	-jar "C:\Users\Falcon\Documents\NetBeansProjects\candyQueen\src\ui\candyQueenDB\test.exe"
Args length:	89/32768 chars
Exit code:	0


Version:	3.9
CmdLine:	C:\Users\Falcon\Documents\NetBeansProjects\candyQueen\src\ui\candyQueenDB\test.exe --l4j-debug
WOW64:		yes
Working dir:	C:\Users\Falcon\Documents\NetBeansProjects\candyQueen\src\ui\candyQueenDB\.
64-bit search:	SOFTWARE\JavaSoft\Java Runtime Environment...
32-bit search:	SOFTWARE\JavaSoft\Java Runtime Environment...
64-bit search:	SOFTWARE\JavaSoft\Java Development Kit...
Check:		SOFTWARE\JavaSoft\Java Development Kit\1.8
Check launcher:	C:\Program Files\Java\jdk1.8.0_102\jre\bin\javaw.exe (OK)
Match:		1.8
Check:		SOFTWARE\JavaSoft\Java Development Kit\1.8.0_102
Check launcher:	C:\Program Files\Java\jdk1.8.0_102\jre\bin\javaw.exe (OK)
Match:		1.8.0_102
Runtime used:	1.8.0_102 (64-bit)
Launcher:	C:\Program Files\Java\jdk1.8.0_102\jre\bin\javaw.exe
Launcher args:	-jar "C:\Users\Falcon\Documents\NetBeansProjects\candyQueen\src\ui\candyQueenDB\test.exe"
Args length:	89/32768 chars
Exit code:	0


Version:	3.9
CmdLine:	C:\Users\Falcon\Documents\NetBeansProjects\candyQueen\src\ui\candyQueenDB\app.exe --l4j-debug
WOW64:		yes
Working dir:	C:\Users\Falcon\Documents\NetBeansProjects\candyQueen\src\ui\candyQueenDB\.
64-bit search:	SOFTWARE\JavaSoft\Java Runtime Environment...
32-bit search:	SOFTWARE\JavaSoft\Java Runtime Environment...
64-bit search:	SOFTWARE\JavaSoft\Java Development Kit...
Check:		SOFTWARE\JavaSoft\Java Development Kit\1.8
Check launcher:	C:\Program Files\Java\jdk1.8.0_102\jre\bin\javaw.exe (OK)
Match:		1.8
Check:		SOFTWARE\JavaSoft\Java Development Kit\1.8.0_102
Check launcher:	C:\Program Files\Java\jdk1.8.0_102\jre\bin\javaw.exe (OK)
Match:		1.8.0_102
Runtime used:	1.8.0_102 (64-bit)
Add classpath:	lib\sqlite-jdbc-3.14.2.1.jar
Add classpath:	lib\jbcrypt\
Launcher:	C:\Program Files\Java\jdk1.8.0_102\jre\bin\javaw.exe
Launcher args:	-classpath "C:\Users\Falcon\Documents\NetBeansProjects\candyQueen\src\ui\candyQueenDB\app.exe;lib\sqlite-jdbc-3.14.2.1.jar;lib\jbcrypt\" ui.candyQueenDB.CandyQDB
Args length:	161/32768 chars
Exit code:	0


Version:	3.9
CmdLine:	C:\Users\Falcon\Documents\NetBeansProjects\candyQueen\src\ui\candyQueenDB\app.exe --l4j-debug
WOW64:		yes
Working dir:	C:\Users\Falcon\Documents\NetBeansProjects\candyQueen\src\ui\candyQueenDB\.
64-bit search:	SOFTWARE\JavaSoft\Java Runtime Environment...
32-bit search:	SOFTWARE\JavaSoft\Java Runtime Environment...
64-bit search:	SOFTWARE\JavaSoft\Java Development Kit...
Check:		SOFTWARE\JavaSoft\Java Development Kit\1.8
Check launcher:	C:\Program Files\Java\jdk1.8.0_102\jre\bin\javaw.exe (OK)
Match:		1.8
Check:		SOFTWARE\JavaSoft\Java Development Kit\1.8.0_102
Check launcher:	C:\Program Files\Java\jdk1.8.0_102\jre\bin\javaw.exe (OK)
Match:		1.8.0_102
Runtime used:	1.8.0_102 (64-bit)
Add classpath:	lib\sqlite-jdbc-3.14.2.1.jar
Add classpath:	lib\jbcrypt\
Launcher:	C:\Program Files\Java\jdk1.8.0_102\jre\bin\javaw.exe
Launcher args:	-classpath "C:\Users\Falcon\Documents\NetBeansProjects\candyQueen\src\ui\candyQueenDB\app.exe;lib\sqlite-jdbc-3.14.2.1.jar;lib\jbcrypt\" ui.candyQueenDB.CandyQDB
Args length:	161/32768 chars
Exit code:	0


Version:	3.9
CmdLine:	C:\Users\Falcon\Documents\NetBeansProjects\candyQueen\src\ui\candyQueenDB\app.exe --l4j-debug
WOW64:		yes
Working dir:	C:\Users\Falcon\Documents\NetBeansProjects\candyQueen\src\ui\candyQueenDB\.
64-bit search:	SOFTWARE\JavaSoft\Java Runtime Environment...
32-bit search:	SOFTWARE\JavaSoft\Java Runtime Environment...
64-bit search:	SOFTWARE\JavaSoft\Java Development Kit...
Check:		SOFTWARE\JavaSoft\Java Development Kit\1.8
Check launcher:	C:\Program Files\Java\jdk1.8.0_102\jre\bin\javaw.exe (OK)
Match:		1.8
Check:		SOFTWARE\JavaSoft\Java Development Kit\1.8.0_102
Check launcher:	C:\Program Files\Java\jdk1.8.0_102\jre\bin\javaw.exe (OK)
Match:		1.8.0_102
Runtime used:	1.8.0_102 (64-bit)
Add classpath:	lib\sqlite-jdbc-3.14.2.1.jar
Add classpath:	lib\jbcrypt\
Launcher:	C:\Program Files\Java\jdk1.8.0_102\jre\bin\javaw.exe
Launcher args:	-classpath "C:\Users\Falcon\Documents\NetBeansProjects\candyQueen\src\ui\candyQueenDB\app.exe;lib\sqlite-jdbc-3.14.2.1.jar;lib\jbcrypt\" ui.candyQueenDB.CandyQDB
Args length:	161/32768 chars
Exit code:	0


Version:	3.9
CmdLine:	C:\Users\Falcon\Documents\NetBeansProjects\candyQueen\src\ui\candyQueenDB\app.exe --l4j-debug
WOW64:		yes
Working dir:	C:\Users\Falcon\Documents\NetBeansProjects\candyQueen\src\ui\candyQueenDB\.
64-bit search:	SOFTWARE\JavaSoft\Java Runtime Environment...
32-bit search:	SOFTWARE\JavaSoft\Java Runtime Environment...
64-bit search:	SOFTWARE\JavaSoft\Java Development Kit...
Check:		SOFTWARE\JavaSoft\Java Development Kit\1.8
Check launcher:	C:\Program Files\Java\jdk1.8.0_102\jre\bin\javaw.exe (OK)
Match:		1.8
Check:		SOFTWARE\JavaSoft\Java Development Kit\1.8.0_102
Check launcher:	C:\Program Files\Java\jdk1.8.0_102\jre\bin\javaw.exe (OK)
Match:		1.8.0_102
Runtime used:	1.8.0_102 (64-bit)
Add classpath:	lib\sqlite-jdbc-3.14.2.1.jar
Add classpath:	lib\jbcrypt\
Launcher:	C:\Program Files\Java\jdk1.8.0_102\jre\bin\javaw.exe
Launcher args:	-classpath "C:\Users\Falcon\Documents\NetBeansProjects\candyQueen\src\ui\candyQueenDB\app.exe;lib\sqlite-jdbc-3.14.2.1.jar;lib\jbcrypt\" ui.candyQueenDB.CandyQDB
Args length:	161/32768 chars
Exit code:	0


Version:	3.9
CmdLine:	C:\Users\Falcon\Documents\NetBeansProjects\candyQueen\src\ui\candyQueenDB\app.exe --l4j-debug
WOW64:		yes
Working dir:	C:\Users\Falcon\Documents\NetBeansProjects\candyQueen\src\ui\candyQueenDB\.
64-bit search:	SOFTWARE\JavaSoft\Java Runtime Environment...
32-bit search:	SOFTWARE\JavaSoft\Java Runtime Environment...
64-bit search:	SOFTWARE\JavaSoft\Java Development Kit...
Check:		SOFTWARE\JavaSoft\Java Development Kit\1.8
Check launcher:	C:\Program Files\Java\jdk1.8.0_102\jre\bin\javaw.exe (OK)
Match:		1.8
Check:		SOFTWARE\JavaSoft\Java Development Kit\1.8.0_102
Check launcher:	C:\Program Files\Java\jdk1.8.0_102\jre\bin\javaw.exe (OK)
Match:		1.8.0_102
Runtime used:	1.8.0_102 (64-bit)
Launcher:	C:\Program Files\Java\jdk1.8.0_102\jre\bin\javaw.exe
Launcher args:	-jar "C:\Users\Falcon\Documents\NetBeansProjects\candyQueen\src\ui\candyQueenDB\app.exe"
Args length:	88/32768 chars
Exit code:	0
